<?xml version="1.0" encoding="UTF-8"?>
<!-- Generated by org.testng.reporters.JUnitReportReporter -->
<testsuite hostname="sjcnayasr01-mac.local" name="com.facebook.tests.seleniumTests" tests="1" failures="1" timestamp="2 Oct 2019 15:26:21 GMT" time="0.000" errors="0">
  <testcase name="testUserLogin" time="0.000" classname="com.facebook.tests.seleniumTests">
    <failure type="org.testng.TestNGException" message="
Parameter &#039;sUsername&#039; is required by @Test on method testUserLogin
but has not been marked @Optional or defined in /private/var/folders/gr/wcs0rwb97zd5xcvb34jvzqzm0000gp/T/testng-eclipse--1803267425/testng-customsuite.xml">
      <![CDATA[org.testng.TestNGException: 
Parameter 'sUsername' is required by @Test on method testUserLogin
but has not been marked @Optional or defined in /private/var/folders/gr/wcs0rwb97zd5xcvb34jvzqzm0000gp/T/testng-eclipse--1803267425/testng-customsuite.xml
	at org.testng.internal.Parameters.createParameters(Parameters.java:143)
	at org.testng.internal.Parameters.createParameters(Parameters.java:343)
	at org.testng.internal.Parameters.handleParameters(Parameters.java:435)
	at org.testng.internal.Invoker.handleParameters(Invoker.java:1358)
	at org.testng.internal.Invoker.createParameters(Invoker.java:1058)
	at org.testng.internal.Invoker.invokeTestMethods(Invoker.java:1160)
	at org.testng.internal.TestMethodWorker.invokeTestMethods(TestMethodWorker.java:127)
	at org.testng.internal.TestMethodWorker.run(TestMethodWorker.java:111)
	at org.testng.TestRunner.privateRun(TestRunner.java:758)
	at org.testng.TestRunner.run(TestRunner.java:613)
	at org.testng.SuiteRunner.runTest(SuiteRunner.java:334)
	at org.testng.SuiteRunner.runSequentially(SuiteRunner.java:329)
	at org.testng.SuiteRunner.privateRun(SuiteRunner.java:291)
	at org.testng.SuiteRunner.run(SuiteRunner.java:240)
	at org.testng.SuiteRunnerWorker.runSuite(SuiteRunnerWorker.java:53)
	at org.testng.SuiteRunnerWorker.run(SuiteRunnerWorker.java:87)
	at org.testng.TestNG.runSuitesSequentially(TestNG.java:1137)
	at org.testng.TestNG.runSuitesLocally(TestNG.java:1062)
	at org.testng.TestNG.run(TestNG.java:974)
	at org.testng.remote.AbstractRemoteTestNG.run(AbstractRemoteTestNG.java:115)
	at org.testng.remote.RemoteTestNG.initAndRun(RemoteTestNG.java:251)
	at org.testng.remote.RemoteTestNG.main(RemoteTestNG.java:77)
]]>
    </failure>
  </testcase>
</testsuite>
